<?xml version="1.0" encoding="UTF-8"?>
<testsuite xmlns:xsi="http://www.w3.org/2001/XMLSchema-instance" xsi:noNamespaceSchemaLocation="https://maven.apache.org/surefire/maven-surefire-plugin/xsd/surefire-test-report.xsd" name="com.medibook.medibook.MedibookApplicationTests" time="0.063" tests="1" errors="0" skipped="0" failures="0">
  <properties>
    <property name="java.specification.version" value="19"/>
    <property name="sun.jnu.encoding" value="UTF-8"/>
    <property name="java.class.path" value="/Users/sofiasastre/Documents/2023 Digital House/07_TrabajoFinal/medibook-backend/target/test-classes:/Users/sofiasastre/Documents/2023 Digital House/07_TrabajoFinal/medibook-backend/target/classes:/Users/sofiasastre/.m2/repository/org/springframework/boot/spring-boot-starter-data-jpa/3.0.7/spring-boot-starter-data-jpa-3.0.7.jar:/Users/sofiasastre/.m2/repository/org/springframework/boot/spring-boot-starter-aop/3.0.7/spring-boot-starter-aop-3.0.7.jar:/Users/sofiasastre/.m2/repository/org/aspectj/aspectjweaver/1.9.19/aspectjweaver-1.9.19.jar:/Users/sofiasastre/.m2/repository/org/springframework/boot/spring-boot-starter-jdbc/3.0.7/spring-boot-starter-jdbc-3.0.7.jar:/Users/sofiasastre/.m2/repository/com/zaxxer/HikariCP/5.0.1/HikariCP-5.0.1.jar:/Users/sofiasastre/.m2/repository/org/springframework/spring-jdbc/6.0.9/spring-jdbc-6.0.9.jar:/Users/sofiasastre/.m2/repository/org/hibernate/orm/hibernate-core/6.1.7.Final/hibernate-core-6.1.7.Final.jar:/Users/sofiasastre/.m2/repository/jakarta/persistence/jakarta.persistence-api/3.1.0/jakarta.persistence-api-3.1.0.jar:/Users/sofiasastre/.m2/repository/jakarta/transaction/jakarta.transaction-api/2.0.1/jakarta.transaction-api-2.0.1.jar:/Users/sofiasastre/.m2/repository/org/jboss/logging/jboss-logging/3.5.0.Final/jboss-logging-3.5.0.Final.jar:/Users/sofiasastre/.m2/repository/org/hibernate/common/hibernate-commons-annotations/6.0.6.Final/hibernate-commons-annotations-6.0.6.Final.jar:/Users/sofiasastre/.m2/repository/org/jboss/jandex/2.4.2.Final/jandex-2.4.2.Final.jar:/Users/sofiasastre/.m2/repository/com/fasterxml/classmate/1.5.1/classmate-1.5.1.jar:/Users/sofiasastre/.m2/repository/net/bytebuddy/byte-buddy/1.12.23/byte-buddy-1.12.23.jar:/Users/sofiasastre/.m2/repository/org/glassfish/jaxb/jaxb-runtime/4.0.2/jaxb-runtime-4.0.2.jar:/Users/sofiasastre/.m2/repository/org/glassfish/jaxb/jaxb-core/4.0.2/jaxb-core-4.0.2.jar:/Users/sofiasastre/.m2/repository/org/eclipse/angus/angus-activation/2.0.0/angus-activation-2.0.0.jar:/Users/sofiasastre/.m2/repository/org/glassfish/jaxb/txw2/4.0.2/txw2-4.0.2.jar:/Users/sofiasastre/.m2/repository/com/sun/istack/istack-commons-runtime/4.1.1/istack-commons-runtime-4.1.1.jar:/Users/sofiasastre/.m2/repository/jakarta/inject/jakarta.inject-api/2.0.0/jakarta.inject-api-2.0.0.jar:/Users/sofiasastre/.m2/repository/org/antlr/antlr4-runtime/4.10.1/antlr4-runtime-4.10.1.jar:/Users/sofiasastre/.m2/repository/org/springframework/data/spring-data-jpa/3.0.6/spring-data-jpa-3.0.6.jar:/Users/sofiasastre/.m2/repository/org/springframework/data/spring-data-commons/3.0.6/spring-data-commons-3.0.6.jar:/Users/sofiasastre/.m2/repository/org/springframework/spring-orm/6.0.9/spring-orm-6.0.9.jar:/Users/sofiasastre/.m2/repository/org/springframework/spring-context/6.0.9/spring-context-6.0.9.jar:/Users/sofiasastre/.m2/repository/org/springframework/spring-tx/6.0.9/spring-tx-6.0.9.jar:/Users/sofiasastre/.m2/repository/org/springframework/spring-beans/6.0.9/spring-beans-6.0.9.jar:/Users/sofiasastre/.m2/repository/jakarta/annotation/jakarta.annotation-api/2.1.1/jakarta.annotation-api-2.1.1.jar:/Users/sofiasastre/.m2/repository/org/slf4j/slf4j-api/2.0.7/slf4j-api-2.0.7.jar:/Users/sofiasastre/.m2/repository/org/springframework/spring-aspects/6.0.9/spring-aspects-6.0.9.jar:/Users/sofiasastre/.m2/repository/org/springframework/boot/spring-boot-starter-security/3.0.7/spring-boot-starter-security-3.0.7.jar:/Users/sofiasastre/.m2/repository/org/springframework/boot/spring-boot-starter/3.0.7/spring-boot-starter-3.0.7.jar:/Users/sofiasastre/.m2/repository/org/springframework/boot/spring-boot-starter-logging/3.0.7/spring-boot-starter-logging-3.0.7.jar:/Users/sofiasastre/.m2/repository/ch/qos/logback/logback-classic/1.4.7/logback-classic-1.4.7.jar:/Users/sofiasastre/.m2/repository/ch/qos/logback/logback-core/1.4.7/logback-core-1.4.7.jar:/Users/sofiasastre/.m2/repository/org/apache/logging/log4j/log4j-to-slf4j/2.19.0/log4j-to-slf4j-2.19.0.jar:/Users/sofiasastre/.m2/repository/org/apache/logging/log4j/log4j-api/2.19.0/log4j-api-2.19.0.jar:/Users/sofiasastre/.m2/repository/org/slf4j/jul-to-slf4j/2.0.7/jul-to-slf4j-2.0.7.jar:/Users/sofiasastre/.m2/repository/org/yaml/snakeyaml/1.33/snakeyaml-1.33.jar:/Users/sofiasastre/.m2/repository/org/springframework/spring-aop/6.0.9/spring-aop-6.0.9.jar:/Users/sofiasastre/.m2/repository/org/springframework/security/spring-security-config/6.0.3/spring-security-config-6.0.3.jar:/Users/sofiasastre/.m2/repository/org/springframework/security/spring-security-web/6.0.3/spring-security-web-6.0.3.jar:/Users/sofiasastre/.m2/repository/org/springframework/spring-expression/6.0.9/spring-expression-6.0.9.jar:/Users/sofiasastre/.m2/repository/org/springframework/boot/spring-boot-starter-validation/3.0.7/spring-boot-starter-validation-3.0.7.jar:/Users/sofiasastre/.m2/repository/org/apache/tomcat/embed/tomcat-embed-el/10.1.8/tomcat-embed-el-10.1.8.jar:/Users/sofiasastre/.m2/repository/org/hibernate/validator/hibernate-validator/8.0.0.Final/hibernate-validator-8.0.0.Final.jar:/Users/sofiasastre/.m2/repository/jakarta/validation/jakarta.validation-api/3.0.2/jakarta.validation-api-3.0.2.jar:/Users/sofiasastre/.m2/repository/org/springframework/boot/spring-boot-starter-web/3.0.7/spring-boot-starter-web-3.0.7.jar:/Users/sofiasastre/.m2/repository/org/springframework/boot/spring-boot-starter-json/3.0.7/spring-boot-starter-json-3.0.7.jar:/Users/sofiasastre/.m2/repository/com/fasterxml/jackson/datatype/jackson-datatype-jdk8/2.14.3/jackson-datatype-jdk8-2.14.3.jar:/Users/sofiasastre/.m2/repository/com/fasterxml/jackson/datatype/jackson-datatype-jsr310/2.14.3/jackson-datatype-jsr310-2.14.3.jar:/Users/sofiasastre/.m2/repository/com/fasterxml/jackson/module/jackson-module-parameter-names/2.14.3/jackson-module-parameter-names-2.14.3.jar:/Users/sofiasastre/.m2/repository/org/springframework/boot/spring-boot-starter-tomcat/3.0.7/spring-boot-starter-tomcat-3.0.7.jar:/Users/sofiasastre/.m2/repository/org/apache/tomcat/embed/tomcat-embed-core/10.1.8/tomcat-embed-core-10.1.8.jar:/Users/sofiasastre/.m2/repository/org/apache/tomcat/embed/tomcat-embed-websocket/10.1.8/tomcat-embed-websocket-10.1.8.jar:/Users/sofiasastre/.m2/repository/org/springframework/spring-web/6.0.9/spring-web-6.0.9.jar:/Users/sofiasastre/.m2/repository/io/micrometer/micrometer-observation/1.10.7/micrometer-observation-1.10.7.jar:/Users/sofiasastre/.m2/repository/io/micrometer/micrometer-commons/1.10.7/micrometer-commons-1.10.7.jar:/Users/sofiasastre/.m2/repository/org/springframework/spring-webmvc/6.0.9/spring-webmvc-6.0.9.jar:/Users/sofiasastre/.m2/repository/org/springframework/boot/spring-boot-devtools/3.0.7/spring-boot-devtools-3.0.7.jar:/Users/sofiasastre/.m2/repository/org/springframework/boot/spring-boot/3.0.7/spring-boot-3.0.7.jar:/Users/sofiasastre/.m2/repository/org/springframework/boot/spring-boot-autoconfigure/3.0.7/spring-boot-autoconfigure-3.0.7.jar:/Users/sofiasastre/.m2/repository/com/cloudinary/cloudinary-http44/1.32.2/cloudinary-http44-1.32.2.jar:/Users/sofiasastre/.m2/repository/com/cloudinary/cloudinary-core/1.32.2/cloudinary-core-1.32.2.jar:/Users/sofiasastre/.m2/repository/org/apache/commons/commons-lang3/3.12.0/commons-lang3-3.12.0.jar:/Users/sofiasastre/.m2/repository/org/apache/httpcomponents/httpclient/4.5.14/httpclient-4.5.14.jar:/Users/sofiasastre/.m2/repository/org/apache/httpcomponents/httpcore/4.4.16/httpcore-4.4.16.jar:/Users/sofiasastre/.m2/repository/commons-codec/commons-codec/1.15/commons-codec-1.15.jar:/Users/sofiasastre/.m2/repository/org/apache/httpcomponents/httpmime/4.5.14/httpmime-4.5.14.jar:/Users/sofiasastre/.m2/repository/org/springframework/boot/spring-boot-starter-thymeleaf/3.1.5/spring-boot-starter-thymeleaf-3.1.5.jar:/Users/sofiasastre/.m2/repository/org/thymeleaf/thymeleaf-spring6/3.1.1.RELEASE/thymeleaf-spring6-3.1.1.RELEASE.jar:/Users/sofiasastre/.m2/repository/org/thymeleaf/thymeleaf/3.1.1.RELEASE/thymeleaf-3.1.1.RELEASE.jar:/Users/sofiasastre/.m2/repository/org/attoparser/attoparser/2.0.6.RELEASE/attoparser-2.0.6.RELEASE.jar:/Users/sofiasastre/.m2/repository/org/unbescape/unbescape/1.1.6.RELEASE/unbescape-1.1.6.RELEASE.jar:/Users/sofiasastre/.m2/repository/com/h2database/h2/1.4.200/h2-1.4.200.jar:/Users/sofiasastre/.m2/repository/com/mysql/mysql-connector-j/8.0.33/mysql-connector-j-8.0.33.jar:/Users/sofiasastre/.m2/repository/org/projectlombok/lombok/1.18.30/lombok-1.18.30.jar:/Users/sofiasastre/.m2/repository/io/jsonwebtoken/jjwt-api/0.11.5/jjwt-api-0.11.5.jar:/Users/sofiasastre/.m2/repository/io/jsonwebtoken/jjwt-jackson/0.11.5/jjwt-jackson-0.11.5.jar:/Users/sofiasastre/.m2/repository/com/fasterxml/jackson/core/jackson-databind/2.14.3/jackson-databind-2.14.3.jar:/Users/sofiasastre/.m2/repository/com/fasterxml/jackson/core/jackson-annotations/2.14.3/jackson-annotations-2.14.3.jar:/Users/sofiasastre/.m2/repository/com/fasterxml/jackson/core/jackson-core/2.14.3/jackson-core-2.14.3.jar:/Users/sofiasastre/.m2/repository/io/jsonwebtoken/jjwt-impl/0.11.2/jjwt-impl-0.11.2.jar:/Users/sofiasastre/.m2/repository/org/springframework/boot/spring-boot-starter-test/3.0.7/spring-boot-starter-test-3.0.7.jar:/Users/sofiasastre/.m2/repository/org/springframework/boot/spring-boot-test/3.0.7/spring-boot-test-3.0.7.jar:/Users/sofiasastre/.m2/repository/org/springframework/boot/spring-boot-test-autoconfigure/3.0.7/spring-boot-test-autoconfigure-3.0.7.jar:/Users/sofiasastre/.m2/repository/com/jayway/jsonpath/json-path/2.7.0/json-path-2.7.0.jar:/Users/sofiasastre/.m2/repository/net/minidev/json-smart/2.4.11/json-smart-2.4.11.jar:/Users/sofiasastre/.m2/repository/net/minidev/accessors-smart/2.4.11/accessors-smart-2.4.11.jar:/Users/sofiasastre/.m2/repository/org/ow2/asm/asm/9.3/asm-9.3.jar:/Users/sofiasastre/.m2/repository/jakarta/xml/bind/jakarta.xml.bind-api/4.0.0/jakarta.xml.bind-api-4.0.0.jar:/Users/sofiasastre/.m2/repository/jakarta/activation/jakarta.activation-api/2.1.2/jakarta.activation-api-2.1.2.jar:/Users/sofiasastre/.m2/repository/org/assertj/assertj-core/3.23.1/assertj-core-3.23.1.jar:/Users/sofiasastre/.m2/repository/org/hamcrest/hamcrest/2.2/hamcrest-2.2.jar:/Users/sofiasastre/.m2/repository/org/junit/jupiter/junit-jupiter/5.9.3/junit-jupiter-5.9.3.jar:/Users/sofiasastre/.m2/repository/org/junit/jupiter/junit-jupiter-api/5.9.3/junit-jupiter-api-5.9.3.jar:/Users/sofiasastre/.m2/repository/org/opentest4j/opentest4j/1.2.0/opentest4j-1.2.0.jar:/Users/sofiasastre/.m2/repository/org/junit/platform/junit-platform-commons/1.9.3/junit-platform-commons-1.9.3.jar:/Users/sofiasastre/.m2/repository/org/apiguardian/apiguardian-api/1.1.2/apiguardian-api-1.1.2.jar:/Users/sofiasastre/.m2/repository/org/junit/jupiter/junit-jupiter-params/5.9.3/junit-jupiter-params-5.9.3.jar:/Users/sofiasastre/.m2/repository/org/junit/jupiter/junit-jupiter-engine/5.9.3/junit-jupiter-engine-5.9.3.jar:/Users/sofiasastre/.m2/repository/org/junit/platform/junit-platform-engine/1.9.3/junit-platform-engine-1.9.3.jar:/Users/sofiasastre/.m2/repository/org/mockito/mockito-core/4.8.1/mockito-core-4.8.1.jar:/Users/sofiasastre/.m2/repository/net/bytebuddy/byte-buddy-agent/1.12.23/byte-buddy-agent-1.12.23.jar:/Users/sofiasastre/.m2/repository/org/objenesis/objenesis/3.2/objenesis-3.2.jar:/Users/sofiasastre/.m2/repository/org/mockito/mockito-junit-jupiter/4.8.1/mockito-junit-jupiter-4.8.1.jar:/Users/sofiasastre/.m2/repository/org/skyscreamer/jsonassert/1.5.1/jsonassert-1.5.1.jar:/Users/sofiasastre/.m2/repository/com/vaadin/external/google/android-json/0.0.20131108.vaadin1/android-json-0.0.20131108.vaadin1.jar:/Users/sofiasastre/.m2/repository/org/springframework/spring-core/6.0.9/spring-core-6.0.9.jar:/Users/sofiasastre/.m2/repository/org/springframework/spring-jcl/6.0.9/spring-jcl-6.0.9.jar:/Users/sofiasastre/.m2/repository/org/springframework/spring-test/6.0.9/spring-test-6.0.9.jar:/Users/sofiasastre/.m2/repository/org/xmlunit/xmlunit-core/2.9.1/xmlunit-core-2.9.1.jar:/Users/sofiasastre/.m2/repository/org/springframework/security/spring-security-test/6.0.3/spring-security-test-6.0.3.jar:/Users/sofiasastre/.m2/repository/org/springframework/security/spring-security-core/6.0.3/spring-security-core-6.0.3.jar:/Users/sofiasastre/.m2/repository/org/springframework/security/spring-security-crypto/6.0.3/spring-security-crypto-6.0.3.jar:/Users/sofiasastre/.m2/repository/log4j/log4j/1.2.17/log4j-1.2.17.jar:/Users/sofiasastre/.m2/repository/software/amazon/awssdk/s3/2.21.12/s3-2.21.12.jar:/Users/sofiasastre/.m2/repository/software/amazon/awssdk/aws-xml-protocol/2.21.12/aws-xml-protocol-2.21.12.jar:/Users/sofiasastre/.m2/repository/software/amazon/awssdk/aws-query-protocol/2.21.12/aws-query-protocol-2.21.12.jar:/Users/sofiasastre/.m2/repository/software/amazon/awssdk/protocol-core/2.21.12/protocol-core-2.21.12.jar:/Users/sofiasastre/.m2/repository/software/amazon/awssdk/arns/2.21.12/arns-2.21.12.jar:/Users/sofiasastre/.m2/repository/software/amazon/awssdk/profiles/2.21.12/profiles-2.21.12.jar:/Users/sofiasastre/.m2/repository/software/amazon/awssdk/crt-core/2.21.12/crt-core-2.21.12.jar:/Users/sofiasastre/.m2/repository/software/amazon/awssdk/http-auth/2.21.12/http-auth-2.21.12.jar:/Users/sofiasastre/.m2/repository/software/amazon/awssdk/http-auth-aws/2.21.12/http-auth-aws-2.21.12.jar:/Users/sofiasastre/.m2/repository/software/amazon/awssdk/checksums-spi/2.21.12/checksums-spi-2.21.12.jar:/Users/sofiasastre/.m2/repository/software/amazon/awssdk/checksums/2.21.12/checksums-2.21.12.jar:/Users/sofiasastre/.m2/repository/software/amazon/awssdk/sdk-core/2.21.12/sdk-core-2.21.12.jar:/Users/sofiasastre/.m2/repository/org/reactivestreams/reactive-streams/1.0.4/reactive-streams-1.0.4.jar:/Users/sofiasastre/.m2/repository/software/amazon/awssdk/auth/2.21.12/auth-2.21.12.jar:/Users/sofiasastre/.m2/repository/software/amazon/eventstream/eventstream/1.0.1/eventstream-1.0.1.jar:/Users/sofiasastre/.m2/repository/software/amazon/awssdk/http-auth-spi/2.21.12/http-auth-spi-2.21.12.jar:/Users/sofiasastre/.m2/repository/software/amazon/awssdk/identity-spi/2.21.12/identity-spi-2.21.12.jar:/Users/sofiasastre/.m2/repository/software/amazon/awssdk/http-client-spi/2.21.12/http-client-spi-2.21.12.jar:/Users/sofiasastre/.m2/repository/software/amazon/awssdk/regions/2.21.12/regions-2.21.12.jar:/Users/sofiasastre/.m2/repository/software/amazon/awssdk/annotations/2.21.12/annotations-2.21.12.jar:/Users/sofiasastre/.m2/repository/software/amazon/awssdk/utils/2.21.12/utils-2.21.12.jar:/Users/sofiasastre/.m2/repository/software/amazon/awssdk/aws-core/2.21.12/aws-core-2.21.12.jar:/Users/sofiasastre/.m2/repository/software/amazon/awssdk/metrics-spi/2.21.12/metrics-spi-2.21.12.jar:/Users/sofiasastre/.m2/repository/software/amazon/awssdk/json-utils/2.21.12/json-utils-2.21.12.jar:/Users/sofiasastre/.m2/repository/software/amazon/awssdk/third-party-jackson-core/2.21.12/third-party-jackson-core-2.21.12.jar:/Users/sofiasastre/.m2/repository/software/amazon/awssdk/endpoints-spi/2.21.12/endpoints-spi-2.21.12.jar:/Users/sofiasastre/.m2/repository/software/amazon/awssdk/apache-client/2.21.12/apache-client-2.21.12.jar:/Users/sofiasastre/.m2/repository/software/amazon/awssdk/netty-nio-client/2.21.12/netty-nio-client-2.21.12.jar:/Users/sofiasastre/.m2/repository/io/netty/netty-codec-http/4.1.92.Final/netty-codec-http-4.1.92.Final.jar:/Users/sofiasastre/.m2/repository/io/netty/netty-codec-http2/4.1.92.Final/netty-codec-http2-4.1.92.Final.jar:/Users/sofiasastre/.m2/repository/io/netty/netty-codec/4.1.92.Final/netty-codec-4.1.92.Final.jar:/Users/sofiasastre/.m2/repository/io/netty/netty-transport/4.1.92.Final/netty-transport-4.1.92.Final.jar:/Users/sofiasastre/.m2/repository/io/netty/netty-common/4.1.92.Final/netty-common-4.1.92.Final.jar:/Users/sofiasastre/.m2/repository/io/netty/netty-buffer/4.1.92.Final/netty-buffer-4.1.92.Final.jar:/Users/sofiasastre/.m2/repository/io/netty/netty-handler/4.1.92.Final/netty-handler-4.1.92.Final.jar:/Users/sofiasastre/.m2/repository/io/netty/netty-transport-native-unix-common/4.1.92.Final/netty-transport-native-unix-common-4.1.92.Final.jar:/Users/sofiasastre/.m2/repository/io/netty/netty-transport-classes-epoll/4.1.92.Final/netty-transport-classes-epoll-4.1.92.Final.jar:/Users/sofiasastre/.m2/repository/io/netty/netty-resolver/4.1.92.Final/netty-resolver-4.1.92.Final.jar:/Users/sofiasastre/.m2/repository/com/amazonaws/aws-java-sdk-s3/1.11.951/aws-java-sdk-s3-1.11.951.jar:/Users/sofiasastre/.m2/repository/com/amazonaws/aws-java-sdk-kms/1.11.951/aws-java-sdk-kms-1.11.951.jar:/Users/sofiasastre/.m2/repository/com/amazonaws/aws-java-sdk-core/1.11.951/aws-java-sdk-core-1.11.951.jar:/Users/sofiasastre/.m2/repository/commons-logging/commons-logging/1.1.3/commons-logging-1.1.3.jar:/Users/sofiasastre/.m2/repository/software/amazon/ion/ion-java/1.0.2/ion-java-1.0.2.jar:/Users/sofiasastre/.m2/repository/com/fasterxml/jackson/dataformat/jackson-dataformat-cbor/2.14.3/jackson-dataformat-cbor-2.14.3.jar:/Users/sofiasastre/.m2/repository/joda-time/joda-time/2.8.1/joda-time-2.8.1.jar:/Users/sofiasastre/.m2/repository/com/amazonaws/jmespath-java/1.11.951/jmespath-java-1.11.951.jar:"/>
    <property name="java.vm.vendor" value="Oracle Corporation"/>
    <property name="sun.arch.data.model" value="64"/>
    <property name="java.vendor.url" value="https://java.oracle.com/"/>
    <property name="os.name" value="Mac OS X"/>
    <property name="java.vm.specification.version" value="19"/>
    <property name="sun.java.launcher" value="SUN_STANDARD"/>
    <property name="user.country" value="UY"/>
    <property name="sun.boot.library.path" value="/Users/sofiasastre/Library/Java/JavaVirtualMachines/openjdk-19.0.1/Contents/Home/lib"/>
    <property name="sun.java.command" value="/Users/sofiasastre/Documents/2023 Digital House/07_TrabajoFinal/medibook-backend/target/surefire/surefirebooter3754742837484313668.jar /Users/sofiasastre/Documents/2023 Digital House/07_TrabajoFinal/medibook-backend/target/surefire 2023-11-13T23-50-17_618-jvmRun1 surefire12846040846097237550tmp surefire_02994410801611098743tmp"/>
    <property name="http.nonProxyHosts" value="local|*.local|169.254/16|*.169.254/16"/>
    <property name="jdk.debug" value="release"/>
    <property name="surefire.test.class.path" value="/Users/sofiasastre/Documents/2023 Digital House/07_TrabajoFinal/medibook-backend/target/test-classes:/Users/sofiasastre/Documents/2023 Digital House/07_TrabajoFinal/medibook-backend/target/classes:/Users/sofiasastre/.m2/repository/org/springframework/boot/spring-boot-starter-data-jpa/3.0.7/spring-boot-starter-data-jpa-3.0.7.jar:/Users/sofiasastre/.m2/repository/org/springframework/boot/spring-boot-starter-aop/3.0.7/spring-boot-starter-aop-3.0.7.jar:/Users/sofiasastre/.m2/repository/org/aspectj/aspectjweaver/1.9.19/aspectjweaver-1.9.19.jar:/Users/sofiasastre/.m2/repository/org/springframework/boot/spring-boot-starter-jdbc/3.0.7/spring-boot-starter-jdbc-3.0.7.jar:/Users/sofiasastre/.m2/repository/com/zaxxer/HikariCP/5.0.1/HikariCP-5.0.1.jar:/Users/sofiasastre/.m2/repository/org/springframework/spring-jdbc/6.0.9/spring-jdbc-6.0.9.jar:/Users/sofiasastre/.m2/repository/org/hibernate/orm/hibernate-core/6.1.7.Final/hibernate-core-6.1.7.Final.jar:/Users/sofiasastre/.m2/repository/jakarta/persistence/jakarta.persistence-api/3.1.0/jakarta.persistence-api-3.1.0.jar:/Users/sofiasastre/.m2/repository/jakarta/transaction/jakarta.transaction-api/2.0.1/jakarta.transaction-api-2.0.1.jar:/Users/sofiasastre/.m2/repository/org/jboss/logging/jboss-logging/3.5.0.Final/jboss-logging-3.5.0.Final.jar:/Users/sofiasastre/.m2/repository/org/hibernate/common/hibernate-commons-annotations/6.0.6.Final/hibernate-commons-annotations-6.0.6.Final.jar:/Users/sofiasastre/.m2/repository/org/jboss/jandex/2.4.2.Final/jandex-2.4.2.Final.jar:/Users/sofiasastre/.m2/repository/com/fasterxml/classmate/1.5.1/classmate-1.5.1.jar:/Users/sofiasastre/.m2/repository/net/bytebuddy/byte-buddy/1.12.23/byte-buddy-1.12.23.jar:/Users/sofiasastre/.m2/repository/org/glassfish/jaxb/jaxb-runtime/4.0.2/jaxb-runtime-4.0.2.jar:/Users/sofiasastre/.m2/repository/org/glassfish/jaxb/jaxb-core/4.0.2/jaxb-core-4.0.2.jar:/Users/sofiasastre/.m2/repository/org/eclipse/angus/angus-activation/2.0.0/angus-activation-2.0.0.jar:/Users/sofiasastre/.m2/repository/org/glassfish/jaxb/txw2/4.0.2/txw2-4.0.2.jar:/Users/sofiasastre/.m2/repository/com/sun/istack/istack-commons-runtime/4.1.1/istack-commons-runtime-4.1.1.jar:/Users/sofiasastre/.m2/repository/jakarta/inject/jakarta.inject-api/2.0.0/jakarta.inject-api-2.0.0.jar:/Users/sofiasastre/.m2/repository/org/antlr/antlr4-runtime/4.10.1/antlr4-runtime-4.10.1.jar:/Users/sofiasastre/.m2/repository/org/springframework/data/spring-data-jpa/3.0.6/spring-data-jpa-3.0.6.jar:/Users/sofiasastre/.m2/repository/org/springframework/data/spring-data-commons/3.0.6/spring-data-commons-3.0.6.jar:/Users/sofiasastre/.m2/repository/org/springframework/spring-orm/6.0.9/spring-orm-6.0.9.jar:/Users/sofiasastre/.m2/repository/org/springframework/spring-context/6.0.9/spring-context-6.0.9.jar:/Users/sofiasastre/.m2/repository/org/springframework/spring-tx/6.0.9/spring-tx-6.0.9.jar:/Users/sofiasastre/.m2/repository/org/springframework/spring-beans/6.0.9/spring-beans-6.0.9.jar:/Users/sofiasastre/.m2/repository/jakarta/annotation/jakarta.annotation-api/2.1.1/jakarta.annotation-api-2.1.1.jar:/Users/sofiasastre/.m2/repository/org/slf4j/slf4j-api/2.0.7/slf4j-api-2.0.7.jar:/Users/sofiasastre/.m2/repository/org/springframework/spring-aspects/6.0.9/spring-aspects-6.0.9.jar:/Users/sofiasastre/.m2/repository/org/springframework/boot/spring-boot-starter-security/3.0.7/spring-boot-starter-security-3.0.7.jar:/Users/sofiasastre/.m2/repository/org/springframework/boot/spring-boot-starter/3.0.7/spring-boot-starter-3.0.7.jar:/Users/sofiasastre/.m2/repository/org/springframework/boot/spring-boot-starter-logging/3.0.7/spring-boot-starter-logging-3.0.7.jar:/Users/sofiasastre/.m2/repository/ch/qos/logback/logback-classic/1.4.7/logback-classic-1.4.7.jar:/Users/sofiasastre/.m2/repository/ch/qos/logback/logback-core/1.4.7/logback-core-1.4.7.jar:/Users/sofiasastre/.m2/repository/org/apache/logging/log4j/log4j-to-slf4j/2.19.0/log4j-to-slf4j-2.19.0.jar:/Users/sofiasastre/.m2/repository/org/apache/logging/log4j/log4j-api/2.19.0/log4j-api-2.19.0.jar:/Users/sofiasastre/.m2/repository/org/slf4j/jul-to-slf4j/2.0.7/jul-to-slf4j-2.0.7.jar:/Users/sofiasastre/.m2/repository/org/yaml/snakeyaml/1.33/snakeyaml-1.33.jar:/Users/sofiasastre/.m2/repository/org/springframework/spring-aop/6.0.9/spring-aop-6.0.9.jar:/Users/sofiasastre/.m2/repository/org/springframework/security/spring-security-config/6.0.3/spring-security-config-6.0.3.jar:/Users/sofiasastre/.m2/repository/org/springframework/security/spring-security-web/6.0.3/spring-security-web-6.0.3.jar:/Users/sofiasastre/.m2/repository/org/springframework/spring-expression/6.0.9/spring-expression-6.0.9.jar:/Users/sofiasastre/.m2/repository/org/springframework/boot/spring-boot-starter-validation/3.0.7/spring-boot-starter-validation-3.0.7.jar:/Users/sofiasastre/.m2/repository/org/apache/tomcat/embed/tomcat-embed-el/10.1.8/tomcat-embed-el-10.1.8.jar:/Users/sofiasastre/.m2/repository/org/hibernate/validator/hibernate-validator/8.0.0.Final/hibernate-validator-8.0.0.Final.jar:/Users/sofiasastre/.m2/repository/jakarta/validation/jakarta.validation-api/3.0.2/jakarta.validation-api-3.0.2.jar:/Users/sofiasastre/.m2/repository/org/springframework/boot/spring-boot-starter-web/3.0.7/spring-boot-starter-web-3.0.7.jar:/Users/sofiasastre/.m2/repository/org/springframework/boot/spring-boot-starter-json/3.0.7/spring-boot-starter-json-3.0.7.jar:/Users/sofiasastre/.m2/repository/com/fasterxml/jackson/datatype/jackson-datatype-jdk8/2.14.3/jackson-datatype-jdk8-2.14.3.jar:/Users/sofiasastre/.m2/repository/com/fasterxml/jackson/datatype/jackson-datatype-jsr310/2.14.3/jackson-datatype-jsr310-2.14.3.jar:/Users/sofiasastre/.m2/repository/com/fasterxml/jackson/module/jackson-module-parameter-names/2.14.3/jackson-module-parameter-names-2.14.3.jar:/Users/sofiasastre/.m2/repository/org/springframework/boot/spring-boot-starter-tomcat/3.0.7/spring-boot-starter-tomcat-3.0.7.jar:/Users/sofiasastre/.m2/repository/org/apache/tomcat/embed/tomcat-embed-core/10.1.8/tomcat-embed-core-10.1.8.jar:/Users/sofiasastre/.m2/repository/org/apache/tomcat/embed/tomcat-embed-websocket/10.1.8/tomcat-embed-websocket-10.1.8.jar:/Users/sofiasastre/.m2/repository/org/springframework/spring-web/6.0.9/spring-web-6.0.9.jar:/Users/sofiasastre/.m2/repository/io/micrometer/micrometer-observation/1.10.7/micrometer-observation-1.10.7.jar:/Users/sofiasastre/.m2/repository/io/micrometer/micrometer-commons/1.10.7/micrometer-commons-1.10.7.jar:/Users/sofiasastre/.m2/repository/org/springframework/spring-webmvc/6.0.9/spring-webmvc-6.0.9.jar:/Users/sofiasastre/.m2/repository/org/springframework/boot/spring-boot-devtools/3.0.7/spring-boot-devtools-3.0.7.jar:/Users/sofiasastre/.m2/repository/org/springframework/boot/spring-boot/3.0.7/spring-boot-3.0.7.jar:/Users/sofiasastre/.m2/repository/org/springframework/boot/spring-boot-autoconfigure/3.0.7/spring-boot-autoconfigure-3.0.7.jar:/Users/sofiasastre/.m2/repository/com/cloudinary/cloudinary-http44/1.32.2/cloudinary-http44-1.32.2.jar:/Users/sofiasastre/.m2/repository/com/cloudinary/cloudinary-core/1.32.2/cloudinary-core-1.32.2.jar:/Users/sofiasastre/.m2/repository/org/apache/commons/commons-lang3/3.12.0/commons-lang3-3.12.0.jar:/Users/sofiasastre/.m2/repository/org/apache/httpcomponents/httpclient/4.5.14/httpclient-4.5.14.jar:/Users/sofiasastre/.m2/repository/org/apache/httpcomponents/httpcore/4.4.16/httpcore-4.4.16.jar:/Users/sofiasastre/.m2/repository/commons-codec/commons-codec/1.15/commons-codec-1.15.jar:/Users/sofiasastre/.m2/repository/org/apache/httpcomponents/httpmime/4.5.14/httpmime-4.5.14.jar:/Users/sofiasastre/.m2/repository/org/springframework/boot/spring-boot-starter-thymeleaf/3.1.5/spring-boot-starter-thymeleaf-3.1.5.jar:/Users/sofiasastre/.m2/repository/org/thymeleaf/thymeleaf-spring6/3.1.1.RELEASE/thymeleaf-spring6-3.1.1.RELEASE.jar:/Users/sofiasastre/.m2/repository/org/thymeleaf/thymeleaf/3.1.1.RELEASE/thymeleaf-3.1.1.RELEASE.jar:/Users/sofiasastre/.m2/repository/org/attoparser/attoparser/2.0.6.RELEASE/attoparser-2.0.6.RELEASE.jar:/Users/sofiasastre/.m2/repository/org/unbescape/unbescape/1.1.6.RELEASE/unbescape-1.1.6.RELEASE.jar:/Users/sofiasastre/.m2/repository/com/h2database/h2/1.4.200/h2-1.4.200.jar:/Users/sofiasastre/.m2/repository/com/mysql/mysql-connector-j/8.0.33/mysql-connector-j-8.0.33.jar:/Users/sofiasastre/.m2/repository/org/projectlombok/lombok/1.18.30/lombok-1.18.30.jar:/Users/sofiasastre/.m2/repository/io/jsonwebtoken/jjwt-api/0.11.5/jjwt-api-0.11.5.jar:/Users/sofiasastre/.m2/repository/io/jsonwebtoken/jjwt-jackson/0.11.5/jjwt-jackson-0.11.5.jar:/Users/sofiasastre/.m2/repository/com/fasterxml/jackson/core/jackson-databind/2.14.3/jackson-databind-2.14.3.jar:/Users/sofiasastre/.m2/repository/com/fasterxml/jackson/core/jackson-annotations/2.14.3/jackson-annotations-2.14.3.jar:/Users/sofiasastre/.m2/repository/com/fasterxml/jackson/core/jackson-core/2.14.3/jackson-core-2.14.3.jar:/Users/sofiasastre/.m2/repository/io/jsonwebtoken/jjwt-impl/0.11.2/jjwt-impl-0.11.2.jar:/Users/sofiasastre/.m2/repository/org/springframework/boot/spring-boot-starter-test/3.0.7/spring-boot-starter-test-3.0.7.jar:/Users/sofiasastre/.m2/repository/org/springframework/boot/spring-boot-test/3.0.7/spring-boot-test-3.0.7.jar:/Users/sofiasastre/.m2/repository/org/springframework/boot/spring-boot-test-autoconfigure/3.0.7/spring-boot-test-autoconfigure-3.0.7.jar:/Users/sofiasastre/.m2/repository/com/jayway/jsonpath/json-path/2.7.0/json-path-2.7.0.jar:/Users/sofiasastre/.m2/repository/net/minidev/json-smart/2.4.11/json-smart-2.4.11.jar:/Users/sofiasastre/.m2/repository/net/minidev/accessors-smart/2.4.11/accessors-smart-2.4.11.jar:/Users/sofiasastre/.m2/repository/org/ow2/asm/asm/9.3/asm-9.3.jar:/Users/sofiasastre/.m2/repository/jakarta/xml/bind/jakarta.xml.bind-api/4.0.0/jakarta.xml.bind-api-4.0.0.jar:/Users/sofiasastre/.m2/repository/jakarta/activation/jakarta.activation-api/2.1.2/jakarta.activation-api-2.1.2.jar:/Users/sofiasastre/.m2/repository/org/assertj/assertj-core/3.23.1/assertj-core-3.23.1.jar:/Users/sofiasastre/.m2/repository/org/hamcrest/hamcrest/2.2/hamcrest-2.2.jar:/Users/sofiasastre/.m2/repository/org/junit/jupiter/junit-jupiter/5.9.3/junit-jupiter-5.9.3.jar:/Users/sofiasastre/.m2/repository/org/junit/jupiter/junit-jupiter-api/5.9.3/junit-jupiter-api-5.9.3.jar:/Users/sofiasastre/.m2/repository/org/opentest4j/opentest4j/1.2.0/opentest4j-1.2.0.jar:/Users/sofiasastre/.m2/repository/org/junit/platform/junit-platform-commons/1.9.3/junit-platform-commons-1.9.3.jar:/Users/sofiasastre/.m2/repository/org/apiguardian/apiguardian-api/1.1.2/apiguardian-api-1.1.2.jar:/Users/sofiasastre/.m2/repository/org/junit/jupiter/junit-jupiter-params/5.9.3/junit-jupiter-params-5.9.3.jar:/Users/sofiasastre/.m2/repository/org/junit/jupiter/junit-jupiter-engine/5.9.3/junit-jupiter-engine-5.9.3.jar:/Users/sofiasastre/.m2/repository/org/junit/platform/junit-platform-engine/1.9.3/junit-platform-engine-1.9.3.jar:/Users/sofiasastre/.m2/repository/org/mockito/mockito-core/4.8.1/mockito-core-4.8.1.jar:/Users/sofiasastre/.m2/repository/net/bytebuddy/byte-buddy-agent/1.12.23/byte-buddy-agent-1.12.23.jar:/Users/sofiasastre/.m2/repository/org/objenesis/objenesis/3.2/objenesis-3.2.jar:/Users/sofiasastre/.m2/repository/org/mockito/mockito-junit-jupiter/4.8.1/mockito-junit-jupiter-4.8.1.jar:/Users/sofiasastre/.m2/repository/org/skyscreamer/jsonassert/1.5.1/jsonassert-1.5.1.jar:/Users/sofiasastre/.m2/repository/com/vaadin/external/google/android-json/0.0.20131108.vaadin1/android-json-0.0.20131108.vaadin1.jar:/Users/sofiasastre/.m2/repository/org/springframework/spring-core/6.0.9/spring-core-6.0.9.jar:/Users/sofiasastre/.m2/repository/org/springframework/spring-jcl/6.0.9/spring-jcl-6.0.9.jar:/Users/sofiasastre/.m2/repository/org/springframework/spring-test/6.0.9/spring-test-6.0.9.jar:/Users/sofiasastre/.m2/repository/org/xmlunit/xmlunit-core/2.9.1/xmlunit-core-2.9.1.jar:/Users/sofiasastre/.m2/repository/org/springframework/security/spring-security-test/6.0.3/spring-security-test-6.0.3.jar:/Users/sofiasastre/.m2/repository/org/springframework/security/spring-security-core/6.0.3/spring-security-core-6.0.3.jar:/Users/sofiasastre/.m2/repository/org/springframework/security/spring-security-crypto/6.0.3/spring-security-crypto-6.0.3.jar:/Users/sofiasastre/.m2/repository/log4j/log4j/1.2.17/log4j-1.2.17.jar:/Users/sofiasastre/.m2/repository/software/amazon/awssdk/s3/2.21.12/s3-2.21.12.jar:/Users/sofiasastre/.m2/repository/software/amazon/awssdk/aws-xml-protocol/2.21.12/aws-xml-protocol-2.21.12.jar:/Users/sofiasastre/.m2/repository/software/amazon/awssdk/aws-query-protocol/2.21.12/aws-query-protocol-2.21.12.jar:/Users/sofiasastre/.m2/repository/software/amazon/awssdk/protocol-core/2.21.12/protocol-core-2.21.12.jar:/Users/sofiasastre/.m2/repository/software/amazon/awssdk/arns/2.21.12/arns-2.21.12.jar:/Users/sofiasastre/.m2/repository/software/amazon/awssdk/profiles/2.21.12/profiles-2.21.12.jar:/Users/sofiasastre/.m2/repository/software/amazon/awssdk/crt-core/2.21.12/crt-core-2.21.12.jar:/Users/sofiasastre/.m2/repository/software/amazon/awssdk/http-auth/2.21.12/http-auth-2.21.12.jar:/Users/sofiasastre/.m2/repository/software/amazon/awssdk/http-auth-aws/2.21.12/http-auth-aws-2.21.12.jar:/Users/sofiasastre/.m2/repository/software/amazon/awssdk/checksums-spi/2.21.12/checksums-spi-2.21.12.jar:/Users/sofiasastre/.m2/repository/software/amazon/awssdk/checksums/2.21.12/checksums-2.21.12.jar:/Users/sofiasastre/.m2/repository/software/amazon/awssdk/sdk-core/2.21.12/sdk-core-2.21.12.jar:/Users/sofiasastre/.m2/repository/org/reactivestreams/reactive-streams/1.0.4/reactive-streams-1.0.4.jar:/Users/sofiasastre/.m2/repository/software/amazon/awssdk/auth/2.21.12/auth-2.21.12.jar:/Users/sofiasastre/.m2/repository/software/amazon/eventstream/eventstream/1.0.1/eventstream-1.0.1.jar:/Users/sofiasastre/.m2/repository/software/amazon/awssdk/http-auth-spi/2.21.12/http-auth-spi-2.21.12.jar:/Users/sofiasastre/.m2/repository/software/amazon/awssdk/identity-spi/2.21.12/identity-spi-2.21.12.jar:/Users/sofiasastre/.m2/repository/software/amazon/awssdk/http-client-spi/2.21.12/http-client-spi-2.21.12.jar:/Users/sofiasastre/.m2/repository/software/amazon/awssdk/regions/2.21.12/regions-2.21.12.jar:/Users/sofiasastre/.m2/repository/software/amazon/awssdk/annotations/2.21.12/annotations-2.21.12.jar:/Users/sofiasastre/.m2/repository/software/amazon/awssdk/utils/2.21.12/utils-2.21.12.jar:/Users/sofiasastre/.m2/repository/software/amazon/awssdk/aws-core/2.21.12/aws-core-2.21.12.jar:/Users/sofiasastre/.m2/repository/software/amazon/awssdk/metrics-spi/2.21.12/metrics-spi-2.21.12.jar:/Users/sofiasastre/.m2/repository/software/amazon/awssdk/json-utils/2.21.12/json-utils-2.21.12.jar:/Users/sofiasastre/.m2/repository/software/amazon/awssdk/third-party-jackson-core/2.21.12/third-party-jackson-core-2.21.12.jar:/Users/sofiasastre/.m2/repository/software/amazon/awssdk/endpoints-spi/2.21.12/endpoints-spi-2.21.12.jar:/Users/sofiasastre/.m2/repository/software/amazon/awssdk/apache-client/2.21.12/apache-client-2.21.12.jar:/Users/sofiasastre/.m2/repository/software/amazon/awssdk/netty-nio-client/2.21.12/netty-nio-client-2.21.12.jar:/Users/sofiasastre/.m2/repository/io/netty/netty-codec-http/4.1.92.Final/netty-codec-http-4.1.92.Final.jar:/Users/sofiasastre/.m2/repository/io/netty/netty-codec-http2/4.1.92.Final/netty-codec-http2-4.1.92.Final.jar:/Users/sofiasastre/.m2/repository/io/netty/netty-codec/4.1.92.Final/netty-codec-4.1.92.Final.jar:/Users/sofiasastre/.m2/repository/io/netty/netty-transport/4.1.92.Final/netty-transport-4.1.92.Final.jar:/Users/sofiasastre/.m2/repository/io/netty/netty-common/4.1.92.Final/netty-common-4.1.92.Final.jar:/Users/sofiasastre/.m2/repository/io/netty/netty-buffer/4.1.92.Final/netty-buffer-4.1.92.Final.jar:/Users/sofiasastre/.m2/repository/io/netty/netty-handler/4.1.92.Final/netty-handler-4.1.92.Final.jar:/Users/sofiasastre/.m2/repository/io/netty/netty-transport-native-unix-common/4.1.92.Final/netty-transport-native-unix-common-4.1.92.Final.jar:/Users/sofiasastre/.m2/repository/io/netty/netty-transport-classes-epoll/4.1.92.Final/netty-transport-classes-epoll-4.1.92.Final.jar:/Users/sofiasastre/.m2/repository/io/netty/netty-resolver/4.1.92.Final/netty-resolver-4.1.92.Final.jar:/Users/sofiasastre/.m2/repository/com/amazonaws/aws-java-sdk-s3/1.11.951/aws-java-sdk-s3-1.11.951.jar:/Users/sofiasastre/.m2/repository/com/amazonaws/aws-java-sdk-kms/1.11.951/aws-java-sdk-kms-1.11.951.jar:/Users/sofiasastre/.m2/repository/com/amazonaws/aws-java-sdk-core/1.11.951/aws-java-sdk-core-1.11.951.jar:/Users/sofiasastre/.m2/repository/commons-logging/commons-logging/1.1.3/commons-logging-1.1.3.jar:/Users/sofiasastre/.m2/repository/software/amazon/ion/ion-java/1.0.2/ion-java-1.0.2.jar:/Users/sofiasastre/.m2/repository/com/fasterxml/jackson/dataformat/jackson-dataformat-cbor/2.14.3/jackson-dataformat-cbor-2.14.3.jar:/Users/sofiasastre/.m2/repository/joda-time/joda-time/2.8.1/joda-time-2.8.1.jar:/Users/sofiasastre/.m2/repository/com/amazonaws/jmespath-java/1.11.951/jmespath-java-1.11.951.jar:"/>
    <property name="sun.cpu.endian" value="little"/>
    <property name="user.home" value="/Users/sofiasastre"/>
    <property name="user.language" value="es"/>
    <property name="java.specification.vendor" value="Oracle Corporation"/>
    <property name="java.version.date" value="2022-10-18"/>
    <property name="java.home" value="/Users/sofiasastre/Library/Java/JavaVirtualMachines/openjdk-19.0.1/Contents/Home"/>
    <property name="file.separator" value="/"/>
    <property name="basedir" value="/Users/sofiasastre/Documents/2023 Digital House/07_TrabajoFinal/medibook-backend"/>
    <property name="java.vm.compressedOopsMode" value="Zero based"/>
    <property name="line.separator" value="&#10;"/>
    <property name="java.vm.specification.vendor" value="Oracle Corporation"/>
    <property name="java.specification.name" value="Java Platform API Specification"/>
    <property name="apple.awt.application.name" value="ForkedBooter"/>
    <property name="surefire.real.class.path" value="/Users/sofiasastre/Documents/2023 Digital House/07_TrabajoFinal/medibook-backend/target/surefire/surefirebooter3754742837484313668.jar"/>
    <property name="sun.management.compiler" value="HotSpot 64-Bit Tiered Compilers"/>
    <property name="ftp.nonProxyHosts" value="local|*.local|169.254/16|*.169.254/16"/>
    <property name="java.runtime.version" value="19.0.1+10-21"/>
    <property name="user.name" value="sofiasastre"/>
    <property name="stdout.encoding" value="US-ASCII"/>
    <property name="path.separator" value=":"/>
    <property name="os.version" value="12.7.1"/>
    <property name="java.runtime.name" value="OpenJDK Runtime Environment"/>
    <property name="file.encoding" value="UTF-8"/>
    <property name="java.vm.name" value="OpenJDK 64-Bit Server VM"/>
    <property name="localRepository" value="/Users/sofiasastre/.m2/repository"/>
    <property name="java.vendor.url.bug" value="https://bugreport.java.com/bugreport/"/>
    <property name="java.io.tmpdir" value="/var/folders/yj/wmmcww417zzgphv1vc0n_w7c0000gn/T/"/>
    <property name="idea.version" value="2023.1.3"/>
    <property name="java.version" value="19.0.1"/>
    <property name="user.dir" value="/Users/sofiasastre/Documents/2023 Digital House/07_TrabajoFinal/medibook-backend"/>
    <property name="os.arch" value="x86_64"/>
    <property name="java.vm.specification.name" value="Java Virtual Machine Specification"/>
    <property name="native.encoding" value="US-ASCII"/>
    <property name="java.library.path" value="/Users/sofiasastre/Library/Java/Extensions:/Library/Java/Extensions:/Network/Library/Java/Extensions:/System/Library/Java/Extensions:/usr/lib/java:."/>
    <property name="java.vm.info" value="mixed mode, sharing"/>
    <property name="stderr.encoding" value="US-ASCII"/>
    <property name="java.vendor" value="Oracle Corporation"/>
    <property name="java.vm.version" value="19.0.1+10-21"/>
    <property name="sun.io.unicode.encoding" value="UnicodeBig"/>
    <property name="socksNonProxyHosts" value="local|*.local|169.254/16|*.169.254/16"/>
    <property name="java.class.version" value="63.0"/>
  </properties>
  <testcase name="contextLoads" classname="com.medibook.medibook.MedibookApplicationTests" time="0.007"/>
</testsuite>